<?xml version="1.0" encoding="UTF-8"?>
<!-- Generated by org.testng.reporters.JUnitReportReporter -->
<testsuite hostname="DESKTOP-AOENI2B" failures="0" tests="1" name="com.dhimas.belajar.v2.UjianWeek3" time="76.457" errors="0" timestamp="2022-11-27T19:41:23 WIB" skipped="0">
  <testcase classname="com.dhimas.belajar.v2.UjianWeek3" name="checkout" time="76.457"/>
  <system-out/>
</testsuite> <!-- com.dhimas.belajar.v2.UjianWeek3 -->
