<?xml version="1.0" encoding="UTF-8"?>
<!-- Generated by org.testng.reporters.JUnitReportReporter -->
<testsuite hostname="DESKTOP-AOENI2B" failures="0" tests="1" name="com.dhimas.belajar.v2.Coba" time="65.300" errors="0" timestamp="2022-11-23T21:52:51 WIB" skipped="0">
  <testcase classname="com.dhimas.belajar.v2.Coba" name="coba" time="65.300"/>
  <system-out/>
</testsuite> <!-- com.dhimas.belajar.v2.Coba -->
