<?xml version="1.0" encoding="UTF-8"?>
<!-- Generated by org.testng.reporters.JUnitReportReporter -->
<testsuite hostname="DESKTOP-AOENI2B" failures="0" tests="1" name="com.dhimas.belajar.v2.PostTest12$FormyElement" time="66.288" errors="0" timestamp="2022-11-26T14:26:07 WIB" skipped="0">
  <testcase classname="com.dhimas.belajar.v2.PostTest12$FormyElement" name="posttest12" time="66.288"/>
  <system-out/>
</testsuite> <!-- com.dhimas.belajar.v2.PostTest12$FormyElement -->
