<?xml version="1.0" encoding="UTF-8"?>
<!-- Generated by org.testng.reporters.JUnitReportReporter -->
<testsuite hostname="DESKTOP-AOENI2B" failures="0" tests="1" name="com.dhimas.belajar.v2.PostTest11$Posttes11" time="57.670" errors="0" timestamp="2022-11-25T21:42:47 WIB" skipped="0">
  <testcase classname="com.dhimas.belajar.v2.PostTest11$Posttes11" name="PostTes11" time="57.670"/>
  <system-out/>
</testsuite> <!-- com.dhimas.belajar.v2.PostTest11$Posttes11 -->
