<?xml version="1.0" encoding="UTF-8"?>
<!-- Generated by org.testng.reporters.JUnitReportReporter -->
<testsuite hostname="DESKTOP-AOENI2B" failures="0" tests="4" name="com.dhimas.belajar.v2.KalkulatorTest" time="0.067" errors="0" timestamp="2022-11-20T16:31:22 WIB" skipped="0">
  <testcase classname="com.dhimas.belajar.v2.KalkulatorTest" name="testmodulus" time="0.041"/>
  <system-out/>
  <testcase classname="com.dhimas.belajar.v2.KalkulatorTest" name="testpembagian" time="0.007"/>
  <system-out/>
  <testcase classname="com.dhimas.belajar.v2.KalkulatorTest" name="testpengurangan" time="0.009"/>
  <system-out/>
  <testcase classname="com.dhimas.belajar.v2.KalkulatorTest" name="testpenjumlahan" time="0.010"/>
  <system-out/>
</testsuite> <!-- com.dhimas.belajar.v2.KalkulatorTest -->
