<?xml version="1.0" encoding="UTF-8"?>
<!-- Generated by org.testng.reporters.JUnitReportReporter -->
<testsuite hostname="DESKTOP-AOENI2B" failures="0" tests="1" name="com.dhimas.belajar.v2.PostTest14" time="17.827" errors="0" timestamp="2022-11-25T21:47:56 WIB" skipped="0">
  <testcase classname="com.dhimas.belajar.v2.PostTest14" name="priceTest" time="17.827"/>
  <system-out/>
</testsuite> <!-- com.dhimas.belajar.v2.PostTest14 -->
